2022-04-28T20:43:37.100Z	INFO	dash/watcher.go:117	watching config file	{"component": "config-watcher", "config": "/home/vagrant/.kube/config"}
2022-04-28T20:43:37.104Z	INFO	module/manager.go:87	registering action	{"component": "module-manager", "actionPath": "action.octant.dev/deploymentConfiguration", "module-name": "overview"}
2022-04-28T20:43:37.125Z	INFO	module/manager.go:87	registering action	{"component": "module-manager", "actionPath": "action.octant.dev/containerEditor", "module-name": "overview"}
2022-04-28T20:43:37.126Z	INFO	module/manager.go:87	registering action	{"component": "module-manager", "actionPath": "overview/startPortForward", "module-name": "overview"}
2022-04-28T20:43:37.126Z	INFO	module/manager.go:87	registering action	{"component": "module-manager", "actionPath": "action.octant.dev/suspendCronJob", "module-name": "overview"}
2022-04-28T20:43:37.127Z	INFO	module/manager.go:87	registering action	{"component": "module-manager", "actionPath": "action.octant.dev/resumeCronJob", "module-name": "overview"}
2022-04-28T20:43:37.127Z	INFO	module/manager.go:87	registering action	{"component": "module-manager", "actionPath": "action.octant.dev/manifest", "module-name": "overview"}
2022-04-28T20:43:37.127Z	INFO	module/manager.go:87	registering action	{"component": "module-manager", "actionPath": "action.octant.dev/serviceEditor", "module-name": "overview"}
2022-04-28T20:43:37.127Z	INFO	module/manager.go:87	registering action	{"component": "module-manager", "actionPath": "overview/stopPortForward", "module-name": "overview"}
2022-04-28T20:43:37.128Z	INFO	module/manager.go:87	registering action	{"component": "module-manager", "actionPath": "action.octant.dev/cordon", "module-name": "overview"}
2022-04-28T20:43:37.128Z	INFO	module/manager.go:87	registering action	{"component": "module-manager", "actionPath": "action.octant.dev/uncordon", "module-name": "overview"}
2022-04-28T20:43:37.128Z	INFO	module/manager.go:87	registering action	{"component": "module-manager", "actionPath": "action.octant.dev/cronJob", "module-name": "overview"}
2022-04-28T20:43:37.128Z	INFO	module/manager.go:87	registering action	{"component": "module-manager", "actionPath": "action.octant.dev/update", "module-name": "overview"}
2022-04-28T20:43:37.128Z	INFO	module/manager.go:87	registering action	{"component": "module-manager", "actionPath": "action.octant.dev/apply", "module-name": "overview"}
2022-04-28T20:43:37.129Z	INFO	module/manager.go:87	registering action	{"component": "module-manager", "actionPath": "action.octant.dev/deleteObject", "module-name": "configuration"}
2022-04-28T20:43:37.136Z	WARN	plugin/manager.go:405	Unable to add /home/vagrant/.config/octant/plugins to the plugin watcher. Error: no such file or directory

github.com/vmware-tanzu/octant/pkg/plugin.(*Manager).watchPluginFiles
	/__w/octant/octant/pkg/plugin/manager.go:405
2022-04-28T20:43:37.155Z	INFO	dash/dash.go:546	Dashboard is available at http://[::]:8001

2022-04-28T20:44:30.036Z	ERROR	action/manager.go:193	actionFunc returned err: convert payload to port forward request: pod name is blank	{"component": "action-manager"}
github.com/vmware-tanzu/octant/pkg/action.(*Manager).Dispatch
	/__w/octant/octant/pkg/action/manager.go:193
github.com/vmware-tanzu/octant/pkg/api/websockets.(*WebsocketState).Dispatch
	/__w/octant/octant/pkg/api/websockets/websocket_state.go:173
github.com/vmware-tanzu/octant/internal/api.(*ActionRequestManager).PerformAction
	/__w/octant/octant/internal/api/action_request_manager.go:66
github.com/vmware-tanzu/octant/pkg/api/websockets.handleStreamingMessage.func1
	/__w/octant/octant/pkg/api/websockets/websocket_client.go:198
golang.org/x/sync/errgroup.(*Group).Go.func1
	/__w/octant/octant/vendor/golang.org/x/sync/errgroup/errgroup.go:57
